Panda-Pefect64-4.4/app/build/intermediates/manifest_merge_blame_file/debug/manifest-merger-blame-debug-report.txt
1<?xml version="1.0" encoding="utf-8"?>
2<manifest xmlns:android="http://schemas.android.com/apk/res/android"
3    package="lauresprojects.com.recorder"
4    android:versionCode="1"
5    android:versionName="4.4.0" >
6
7    <uses-sdk
8        android:minSdkVersion="24"
9        android:targetSdkVersion="28" />
10
11    <uses-permission android:name="android.permission.QUERY_ALL_PACKAGES" />
11-->src\main\AndroidManifest.xml:5:5-77
11-->src\main\AndroidManifest.xml:5:22-74
12    <uses-permission android:name="android.permission.RECORD_AUDIO" />
12-->src\main\AndroidManifest.xml:6:5-71
12-->src\main\AndroidManifest.xml:6:22-68
13    <!-- unknown -->
14    <uses-permission android:name="android.permission.WRITE_SOCIAL_STREAM" />
14-->[Bcore-release.aar] AndroidManifest.xml:9:5-78
14-->[Bcore-release.aar] AndroidManifest.xml:9:22-75
15    <uses-permission android:name="android.permission.READ_SOCIAL_STREAM" />
15-->[Bcore-release.aar] AndroidManifest.xml:10:5-77
15-->[Bcore-release.aar] AndroidManifest.xml:10:22-74
16    <uses-permission android:name="android.permission.READ_PROFILE" />
16-->[Bcore-release.aar] AndroidManifest.xml:11:5-71
16-->[Bcore-release.aar] AndroidManifest.xml:11:22-68
17    <uses-permission android:name="android.permission.WRITE_PROFILE" />
17-->[Bcore-release.aar] AndroidManifest.xml:12:5-72
17-->[Bcore-release.aar] AndroidManifest.xml:12:22-69
18    <uses-permission android:name="android.permission.READ_USER_DICTIONARY" />
18-->[Bcore-release.aar] AndroidManifest.xml:13:5-79
18-->[Bcore-release.aar] AndroidManifest.xml:13:22-76
19    <uses-permission android:name="android.permission.WRITE_USER_DICTIONARY" />
19-->[Bcore-release.aar] AndroidManifest.xml:14:5-80
19-->[Bcore-release.aar] AndroidManifest.xml:14:22-77
20    <uses-permission android:name="android.permission.USE_CREDENTIALS" />
20-->[Bcore-release.aar] AndroidManifest.xml:15:5-74
20-->[Bcore-release.aar] AndroidManifest.xml:15:22-71
21    <uses-permission android:name="android.permission.AUTHENTICATE_ACCOUNTS" /> <!-- samsung start -->
21-->[Bcore-release.aar] AndroidManifest.xml:16:5-80
21-->[Bcore-release.aar] AndroidManifest.xml:16:22-77
22    <uses-permission android:name="com.samsung.svoice.sync.READ_DATABASE" />
22-->[Bcore-release.aar] AndroidManifest.xml:19:5-77
22-->[Bcore-release.aar] AndroidManifest.xml:19:22-74
23    <uses-permission android:name="com.samsung.svoice.sync.ACCESS_SERVICE" />
23-->[Bcore-release.aar] AndroidManifest.xml:20:5-78
23-->[Bcore-release.aar] AndroidManifest.xml:20:22-75
24    <uses-permission android:name="com.samsung.svoice.sync.WRITE_DATABASE" />
24-->[Bcore-release.aar] AndroidManifest.xml:21:5-78
24-->[Bcore-release.aar] AndroidManifest.xml:21:22-75
25    <uses-permission android:name="com.sec.android.app.voicenote.Controller" />
25-->[Bcore-release.aar] AndroidManifest.xml:22:5-80
25-->[Bcore-release.aar] AndroidManifest.xml:22:22-77
26    <uses-permission android:name="com.sec.android.permission.VOIP_INTERFACE" />
26-->[Bcore-release.aar] AndroidManifest.xml:23:5-81
26-->[Bcore-release.aar] AndroidManifest.xml:23:22-78
27    <uses-permission android:name="com.sec.android.permission.LAUNCH_PERSONAL_PAGE_SERVICE" />
27-->[Bcore-release.aar] AndroidManifest.xml:24:5-95
27-->[Bcore-release.aar] AndroidManifest.xml:24:22-92
28    <uses-permission android:name="com.samsung.android.providers.context.permission.WRITE_USE_APP_FEATURE_SURVEY" />
28-->[Bcore-release.aar] AndroidManifest.xml:25:5-117
28-->[Bcore-release.aar] AndroidManifest.xml:25:22-114
29    <uses-permission android:name="com.samsung.android.providers.context.permission.READ_RECORD_AUDIO" />
29-->[Bcore-release.aar] AndroidManifest.xml:26:5-106
29-->[Bcore-release.aar] AndroidManifest.xml:26:22-103
30    <uses-permission android:name="com.samsung.android.providers.context.permission.WRITE_RECORD_AUDIO" />
30-->[Bcore-release.aar] AndroidManifest.xml:27:5-107
30-->[Bcore-release.aar] AndroidManifest.xml:27:22-104
31    <uses-permission android:name="com.sec.android.settings.permission.SOFT_RESET" />
31-->[Bcore-release.aar] AndroidManifest.xml:28:5-86
31-->[Bcore-release.aar] AndroidManifest.xml:28:22-83
32    <uses-permission android:name="sec.android.permission.READ_MSG_PREF" />
32-->[Bcore-release.aar] AndroidManifest.xml:29:5-76
32-->[Bcore-release.aar] AndroidManifest.xml:29:22-73
33    <uses-permission android:name="com.samsung.android.scloud.backup.lib.read" />
33-->[Bcore-release.aar] AndroidManifest.xml:30:5-82
33-->[Bcore-release.aar] AndroidManifest.xml:30:22-79
34    <uses-permission android:name="com.samsung.android.scloud.backup.lib.write" /> <!-- samsung end -->
34-->[Bcore-release.aar] AndroidManifest.xml:31:5-83
34-->[Bcore-release.aar] AndroidManifest.xml:31:22-80
35    <!-- other app start -->
36    <uses-permission android:name="com.android.alarm.permission.SET_ALARM" />
36-->[Bcore-release.aar] AndroidManifest.xml:36:5-78
36-->[Bcore-release.aar] AndroidManifest.xml:36:22-75
37    <uses-permission android:name="com.android.voicemail.permission.ADD_VOICEMAIL" />
37-->[Bcore-release.aar] AndroidManifest.xml:37:5-86
37-->[Bcore-release.aar] AndroidManifest.xml:37:22-83
38    <uses-permission android:name="com.android.voicemail.permission.READ_WRITE_ALL_VOICEMAIL" />
38-->[Bcore-release.aar] AndroidManifest.xml:38:5-97
38-->[Bcore-release.aar] AndroidManifest.xml:38:22-94
39    <uses-permission android:name="com.huawei.authentication.HW_ACCESS_AUTH_SERVICE" /> <!-- other app end -->
39-->[Bcore-release.aar] AndroidManifest.xml:39:5-88
39-->[Bcore-release.aar] AndroidManifest.xml:39:22-85
40    <!-- google play store start -->
41    <uses-permission android:name="com.android.vending.BILLING" />
41-->[Bcore-release.aar] AndroidManifest.xml:44:5-67
41-->[Bcore-release.aar] AndroidManifest.xml:44:22-64
42    <uses-permission android:name="com.android.vending.CHECK_LICENSE" /> <!-- google play store end -->
42-->[Bcore-release.aar] AndroidManifest.xml:45:5-73
42-->[Bcore-release.aar] AndroidManifest.xml:45:22-70
43    <!-- google services framework start -->
44    <uses-permission android:name="com.google.android.providers.talk.permission.READ_ONLY" />
44-->[Bcore-release.aar] AndroidManifest.xml:50:5-94
44-->[Bcore-release.aar] AndroidManifest.xml:50:22-91
45    <uses-permission android:name="com.google.android.providers.talk.permission.WRITE_ONLY" />
45-->[Bcore-release.aar] AndroidManifest.xml:51:5-95
45-->[Bcore-release.aar] AndroidManifest.xml:51:22-92
46    <uses-permission android:name="com.google.android.c2dm.permission.RECEIVE" />
46-->[Bcore-release.aar] AndroidManifest.xml:52:5-82
46-->[Bcore-release.aar] AndroidManifest.xml:52:22-79
47    <uses-permission android:name="com.google.android.gms.permission.ACTIVITY_RECOGNITION" />
47-->[Bcore-release.aar] AndroidManifest.xml:53:5-94
47-->[Bcore-release.aar] AndroidManifest.xml:53:22-91
48    <uses-permission android:name="com.google.android.gms.permission.AD_ID_NOTIFICATION" />
48-->[Bcore-release.aar] AndroidManifest.xml:54:5-92
48-->[Bcore-release.aar] AndroidManifest.xml:54:22-89
49    <uses-permission android:name="com.google.android.providers.gsf.permission.READ_GSERVICES" /> <!-- google services framework end -->
49-->[Bcore-release.aar] AndroidManifest.xml:55:5-98
49-->[Bcore-release.aar] AndroidManifest.xml:55:22-95
50    <!-- shortcut and badge start -->
51    <uses-permission android:name="com.android.launcher.permission.INSTALL_SHORTCUT" />
51-->[Bcore-release.aar] AndroidManifest.xml:60:5-88
51-->[Bcore-release.aar] AndroidManifest.xml:60:22-85
52    <uses-permission android:name="com.android.launcher.permission.UNINSTALL_SHORTCUT" />
52-->[Bcore-release.aar] AndroidManifest.xml:61:5-90
52-->[Bcore-release.aar] AndroidManifest.xml:61:22-87
53    <uses-permission android:name="android.permission.READ_APP_BADGE" />
53-->[Bcore-release.aar] AndroidManifest.xml:62:5-73
53-->[Bcore-release.aar] AndroidManifest.xml:62:22-70
54    <uses-permission android:name="com.google.android.launcher.permission.READ_SETTINGS" />
54-->[Bcore-release.aar] AndroidManifest.xml:63:5-92
54-->[Bcore-release.aar] AndroidManifest.xml:63:22-89
55    <uses-permission android:name="com.oppo.launcher.permission.READ_SETTINGS" />
55-->[Bcore-release.aar] AndroidManifest.xml:64:5-82
55-->[Bcore-release.aar] AndroidManifest.xml:64:22-79
56    <uses-permission android:name="com.oppo.launcher.permission.WRITE_SETTINGS" />
56-->[Bcore-release.aar] AndroidManifest.xml:65:5-83
56-->[Bcore-release.aar] AndroidManifest.xml:65:22-80
57    <uses-permission android:name="me.everything.badger.permission.BADGE_COUNT_READ" />
57-->[Bcore-release.aar] AndroidManifest.xml:66:5-88
57-->[Bcore-release.aar] AndroidManifest.xml:66:22-85
58    <uses-permission android:name="me.everything.badger.permission.BADGE_COUNT_WRITE" />
58-->[Bcore-release.aar] AndroidManifest.xml:67:5-89
58-->[Bcore-release.aar] AndroidManifest.xml:67:22-86
59    <uses-permission android:name="com.android.launcher.permission.READ_SETTINGS" />
59-->[Bcore-release.aar] AndroidManifest.xml:68:5-85
59-->[Bcore-release.aar] AndroidManifest.xml:68:22-82
60    <uses-permission android:name="com.sec.android.provider.badge.permission.READ" />
60-->[Bcore-release.aar] AndroidManifest.xml:69:5-86
60-->[Bcore-release.aar] AndroidManifest.xml:69:22-83
61    <uses-permission android:name="com.sec.android.provider.badge.permission.WRITE" />
61-->[Bcore-release.aar] AndroidManifest.xml:70:5-87
61-->[Bcore-release.aar] AndroidManifest.xml:70:22-84
62    <uses-permission android:name="com.htc.launcher.permission.READ_SETTINGS" />
62-->[Bcore-release.aar] AndroidManifest.xml:71:5-81
62-->[Bcore-release.aar] AndroidManifest.xml:71:22-78
63    <uses-permission android:name="com.htc.launcher.permission.UPDATE_SHORTCUT" />
63-->[Bcore-release.aar] AndroidManifest.xml:72:5-83
63-->[Bcore-release.aar] AndroidManifest.xml:72:22-80
64    <uses-permission android:name="com.sonyericsson.home.permission.BROADCAST_BADGE" />
64-->[Bcore-release.aar] AndroidManifest.xml:73:5-88
64-->[Bcore-release.aar] AndroidManifest.xml:73:22-85
65    <uses-permission android:name="com.sonymobile.home.permission.PROVIDER_INSERT_BADGE" />
65-->[Bcore-release.aar] AndroidManifest.xml:74:5-92
65-->[Bcore-release.aar] AndroidManifest.xml:74:22-89
66    <uses-permission android:name="com.anddoes.launcher.permission.UPDATE_COUNT" />
66-->[Bcore-release.aar] AndroidManifest.xml:75:5-84
66-->[Bcore-release.aar] AndroidManifest.xml:75:22-81
67    <uses-permission android:name="com.majeur.launcher.permission.UPDATE_BADGE" />
67-->[Bcore-release.aar] AndroidManifest.xml:76:5-83
67-->[Bcore-release.aar] AndroidManifest.xml:76:22-80
68    <uses-permission android:name="com.huawei.android.launcher.permission.CHANGE_BADGE" />
68-->[Bcore-release.aar] AndroidManifest.xml:77:5-91
68-->[Bcore-release.aar] AndroidManifest.xml:77:22-88
69    <uses-permission android:name="com.huawei.android.launcher.permission.READ_SETTINGS" />
69-->[Bcore-release.aar] AndroidManifest.xml:78:5-92
69-->[Bcore-release.aar] AndroidManifest.xml:78:22-89
70    <uses-permission android:name="com.huawei.android.launcher.permission.WRITE_SETTINGS" />
70-->[Bcore-release.aar] AndroidManifest.xml:79:5-93
70-->[Bcore-release.aar] AndroidManifest.xml:79:22-90
71    <uses-permission android:name="com.android.launcher.permission.READ_SETTINGS" />
71-->[Bcore-release.aar] AndroidManifest.xml:68:5-85
71-->[Bcore-release.aar] AndroidManifest.xml:68:22-82
72    <uses-permission android:name="com.android.launcher.permission.WRITE_SETTINGS" />
72-->[Bcore-release.aar] AndroidManifest.xml:81:5-86
72-->[Bcore-release.aar] AndroidManifest.xml:81:22-83
73    <uses-permission android:name="com.android.launcher3.permission.READ_SETTINGS" />
73-->[Bcore-release.aar] AndroidManifest.xml:82:5-86
73-->[Bcore-release.aar] AndroidManifest.xml:82:22-83
74    <uses-permission android:name="com.android.launcher2.permission.READ_SETTINGS" />
74-->[Bcore-release.aar] AndroidManifest.xml:83:5-86
74-->[Bcore-release.aar] AndroidManifest.xml:83:22-83
75    <uses-permission android:name="com.teslacoilsw.launcher.permission.READ_SETTINGS" />
75-->[Bcore-release.aar] AndroidManifest.xml:84:5-89
75-->[Bcore-release.aar] AndroidManifest.xml:84:22-86
76    <uses-permission android:name="com.actionlauncher.playstore.permission.READ_SETTINGS" />
76-->[Bcore-release.aar] AndroidManifest.xml:85:5-93
76-->[Bcore-release.aar] AndroidManifest.xml:85:22-90
77    <uses-permission android:name="com.mx.launcher.permission.READ_SETTINGS" />
77-->[Bcore-release.aar] AndroidManifest.xml:86:5-80
77-->[Bcore-release.aar] AndroidManifest.xml:86:22-77
78    <uses-permission android:name="com.anddoes.launcher.permission.READ_SETTINGS" />
78-->[Bcore-release.aar] AndroidManifest.xml:87:5-85
78-->[Bcore-release.aar] AndroidManifest.xml:87:22-82
79    <uses-permission android:name="com.apusapps.launcher.permission.READ_SETTINGS" />
79-->[Bcore-release.aar] AndroidManifest.xml:88:5-86
79-->[Bcore-release.aar] AndroidManifest.xml:88:22-83
80    <uses-permission android:name="com.tsf.shell.permission.READ_SETTINGS" />
80-->[Bcore-release.aar] AndroidManifest.xml:89:5-78
80-->[Bcore-release.aar] AndroidManifest.xml:89:22-75
81    <uses-permission android:name="com.htc.launcher.permission.READ_SETTINGS" />
81-->[Bcore-release.aar] AndroidManifest.xml:71:5-81
81-->[Bcore-release.aar] AndroidManifest.xml:71:22-78
82    <uses-permission android:name="com.lenovo.launcher.permission.READ_SETTINGS" />
82-->[Bcore-release.aar] AndroidManifest.xml:91:5-84
82-->[Bcore-release.aar] AndroidManifest.xml:91:22-81
83    <uses-permission android:name="com.oppo.launcher.permission.READ_SETTINGS" />
83-->[Bcore-release.aar] AndroidManifest.xml:64:5-82
83-->[Bcore-release.aar] AndroidManifest.xml:64:22-79
84    <uses-permission android:name="com.bbk.launcher2.permission.READ_SETTINGS" />
84-->[Bcore-release.aar] AndroidManifest.xml:93:5-82
84-->[Bcore-release.aar] AndroidManifest.xml:93:22-79
85    <uses-permission android:name="com.s.launcher.permission.READ_SETTINGS" />
85-->[Bcore-release.aar] AndroidManifest.xml:94:5-79
85-->[Bcore-release.aar] AndroidManifest.xml:94:22-76
86    <uses-permission android:name="cn.nubia.launcher.permission.READ_SETTINGS" />
86-->[Bcore-release.aar] AndroidManifest.xml:95:5-82
86-->[Bcore-release.aar] AndroidManifest.xml:95:22-79
87    <uses-permission android:name="com.huawei.android.launcher.permission.READ_SETTINGS" />
87-->[Bcore-release.aar] AndroidManifest.xml:78:5-92
87-->[Bcore-release.aar] AndroidManifest.xml:78:22-89
88    <uses-permission android:name="com.huawei.android.launcher.permission.CHANGE_BADGE" /> <!-- shortcut and badge end -->
88-->[Bcore-release.aar] AndroidManifest.xml:77:5-91
88-->[Bcore-release.aar] AndroidManifest.xml:77:22-88
89    <!-- 常用 -->
90    <uses-permission android:name="android.permission.INTERNET" />
90-->[Bcore-release.aar] AndroidManifest.xml:100:5-67
90-->[Bcore-release.aar] AndroidManifest.xml:100:22-64
91    <uses-permission android:name="android.permission.CAMERA" />
91-->[Bcore-release.aar] AndroidManifest.xml:101:5-65
91-->[Bcore-release.aar] AndroidManifest.xml:101:22-62
92    <uses-permission android:name="android.permission.FLASHLIGHT" /> <!-- 相机 -->
92-->[Bcore-release.aar] AndroidManifest.xml:102:5-69
92-->[Bcore-release.aar] AndroidManifest.xml:102:22-66
93    <uses-permission android:name="android.permission.CAMERA" />
93-->[Bcore-release.aar] AndroidManifest.xml:101:5-65
93-->[Bcore-release.aar] AndroidManifest.xml:101:22-62
94
95    <uses-feature android:name="android.hardware.camera" />
95-->[Bcore-release.aar] AndroidManifest.xml:106:5-60
95-->[Bcore-release.aar] AndroidManifest.xml:106:19-57
96    <uses-feature
96-->[Bcore-release.aar] AndroidManifest.xml:107:5-109:36
97        android:name="android.hardware.camera.autofocus"
97-->[Bcore-release.aar] AndroidManifest.xml:108:9-57
98        android:required="false" /> <!-- 位置服务 -->
98-->[Bcore-release.aar] AndroidManifest.xml:109:9-33
99    <uses-permission android:name="android.permission.ACCESS_COARSE_LOCATION" />
99-->[Bcore-release.aar] AndroidManifest.xml:111:5-81
99-->[Bcore-release.aar] AndroidManifest.xml:111:22-78
100    <uses-permission android:name="android.permission.ACCESS_FINE_LOCATION" />
100-->[Bcore-release.aar] AndroidManifest.xml:112:5-79
100-->[Bcore-release.aar] AndroidManifest.xml:112:22-76
101    <uses-permission android:name="android.permission.ACCESS_LOCATION_EXTRA_COMMANDS" /> <!-- 网络 -->
101-->[Bcore-release.aar] AndroidManifest.xml:113:5-89
101-->[Bcore-release.aar] AndroidManifest.xml:113:22-86
102    <uses-permission android:name="android.permission.ACCESS_NETWORK_STATE" />
102-->[Bcore-release.aar] AndroidManifest.xml:115:5-79
102-->[Bcore-release.aar] AndroidManifest.xml:115:22-76
103    <uses-permission android:name="android.permission.ACCESS_WIFI_STATE" />
103-->[Bcore-release.aar] AndroidManifest.xml:116:5-76
103-->[Bcore-release.aar] AndroidManifest.xml:116:22-73
104    <uses-permission android:name="android.permission.CHANGE_NETWORK_STATE" />
104-->[Bcore-release.aar] AndroidManifest.xml:117:5-79
104-->[Bcore-release.aar] AndroidManifest.xml:117:22-76
105    <uses-permission android:name="android.permission.CHANGE_WIFI_MULTICAST_STATE" />
105-->[Bcore-release.aar] AndroidManifest.xml:118:5-86
105-->[Bcore-release.aar] AndroidManifest.xml:118:22-83
106    <uses-permission android:name="android.permission.CHANGE_WIFI_STATE" /> <!-- sdcard -->
106-->[Bcore-release.aar] AndroidManifest.xml:119:5-76
106-->[Bcore-release.aar] AndroidManifest.xml:119:22-73
107    <uses-permission android:name="android.permission.MOUNT_UNMOUNT_FILESYSTEMS" />
107-->[Bcore-release.aar] AndroidManifest.xml:121:5-123:47
107-->[Bcore-release.aar] AndroidManifest.xml:122:9-68
108    <uses-permission android:name="android.permission.WRITE_EXTERNAL_STORAGE" />
108-->[Bcore-release.aar] AndroidManifest.xml:124:5-81
108-->[Bcore-release.aar] AndroidManifest.xml:124:22-78
109    <uses-permission android:name="android.permission.READ_EXTERNAL_STORAGE" /> <!-- 电量 -->
109-->[Bcore-release.aar] AndroidManifest.xml:125:5-80
109-->[Bcore-release.aar] AndroidManifest.xml:125:22-77
110    <uses-permission android:name="android.permission.BATTERY_STATS" /> <!-- 身体传感器 -->
110-->[Bcore-release.aar] AndroidManifest.xml:127:5-129:47
110-->[Bcore-release.aar] AndroidManifest.xml:128:9-56
111    <uses-permission android:name="android.permission.BODY_SENSORS" />
111-->[Bcore-release.aar] AndroidManifest.xml:131:5-71
111-->[Bcore-release.aar] AndroidManifest.xml:131:22-68
112    <uses-permission android:name="android.permission.BROADCAST_STICKY" /> <!-- 锁屏 -->
112-->[Bcore-release.aar] AndroidManifest.xml:132:5-75
112-->[Bcore-release.aar] AndroidManifest.xml:132:22-72
113    <uses-permission android:name="android.permission.DISABLE_KEYGUARD" /> <!-- 允许应用程序展开或折叠状态栏 -->
113-->[Bcore-release.aar] AndroidManifest.xml:134:5-75
113-->[Bcore-release.aar] AndroidManifest.xml:134:22-72
114    <uses-permission android:name="android.permission.EXPAND_STATUS_BAR" /> <!-- 账号相关 -->
114-->[Bcore-release.aar] AndroidManifest.xml:136:5-76
114-->[Bcore-release.aar] AndroidManifest.xml:136:22-73
115    <uses-permission android:name="android.permission.GET_ACCOUNTS" />
115-->[Bcore-release.aar] AndroidManifest.xml:138:5-71
115-->[Bcore-release.aar] AndroidManifest.xml:138:22-68
116    <uses-permission android:name="android.permission.MANAGE_ACCOUNTS" /> <!-- 通话状态 -->
116-->[Bcore-release.aar] AndroidManifest.xml:139:5-74
116-->[Bcore-release.aar] AndroidManifest.xml:139:22-71
117    <uses-permission android:name="android.permission.READ_PHONE_STATE" /> <!-- 修改当前配置 -->
117-->[Bcore-release.aar] AndroidManifest.xml:141:5-75
117-->[Bcore-release.aar] AndroidManifest.xml:141:22-72
118    <uses-permission android:name="android.permission.CHANGE_CONFIGURATION" /> <!-- 设置 -->
118-->[Bcore-release.aar] AndroidManifest.xml:143:5-145:47
118-->[Bcore-release.aar] AndroidManifest.xml:144:9-63
119    <uses-permission android:name="android.permission.WRITE_SETTINGS" /> <!-- 最近任务/进程 -->
119-->[Bcore-release.aar] AndroidManifest.xml:147:5-149:47
119-->[Bcore-release.aar] AndroidManifest.xml:148:9-57
120    <uses-permission android:name="android.permission.GET_TASKS" />
120-->[Bcore-release.aar] AndroidManifest.xml:151:5-68
120-->[Bcore-release.aar] AndroidManifest.xml:151:22-65
121    <uses-permission android:name="android.permission.KILL_BACKGROUND_PROCESSES" />
121-->[Bcore-release.aar] AndroidManifest.xml:152:5-84
121-->[Bcore-release.aar] AndroidManifest.xml:152:22-81
122    <uses-permission android:name="android.permission.REORDER_TASKS" />
122-->[Bcore-release.aar] AndroidManifest.xml:153:5-72
122-->[Bcore-release.aar] AndroidManifest.xml:153:22-69
123    <uses-permission android:name="android.permission.PERSISTENT_ACTIVITY" /> <!-- bluetooth -->
123-->[Bcore-release.aar] AndroidManifest.xml:154:5-78
123-->[Bcore-release.aar] AndroidManifest.xml:154:22-75
124    <uses-permission android:name="android.permission.BLUETOOTH" />
124-->[Bcore-release.aar] AndroidManifest.xml:158:5-68
124-->[Bcore-release.aar] AndroidManifest.xml:158:22-65
125    <uses-permission android:name="android.permission.BLUETOOTH_ADMIN" /> <!-- nfc -->
125-->[Bcore-release.aar] AndroidManifest.xml:159:5-74
125-->[Bcore-release.aar] AndroidManifest.xml:159:22-71
126    <uses-permission android:name="android.permission.NFC" />
126-->[Bcore-release.aar] AndroidManifest.xml:161:5-62
126-->[Bcore-release.aar] AndroidManifest.xml:161:22-59
127    <uses-permission android:name="android.permission.MODIFY_AUDIO_SETTINGS" /> <!-- 震动 -->
127-->[Bcore-release.aar] AndroidManifest.xml:162:5-80
127-->[Bcore-release.aar] AndroidManifest.xml:162:22-77
128    <uses-permission android:name="android.permission.VIBRATE" /> <!-- 指纹 -->
128-->[Bcore-release.aar] AndroidManifest.xml:164:5-66
128-->[Bcore-release.aar] AndroidManifest.xml:164:22-63
129    <uses-permission android:name="android.permission.USE_FINGERPRINT" /> <!-- 下面自己按需保留 -->
129-->[Bcore-release.aar] AndroidManifest.xml:166:5-74
129-->[Bcore-release.aar] AndroidManifest.xml:166:22-71
130    <!-- browser history start -->
131    <uses-permission android:name="com.android.browser.permission.READ_HISTORY_BOOKMARKS" />
131-->[Bcore-release.aar] AndroidManifest.xml:172:5-93
131-->[Bcore-release.aar] AndroidManifest.xml:172:22-90
132    <uses-permission android:name="com.android.browser.permission.WRITE_HISTORY_BOOKMARKS" /> <!-- browser history end -->
132-->[Bcore-release.aar] AndroidManifest.xml:173:5-94
132-->[Bcore-release.aar] AndroidManifest.xml:173:22-91
133    <!-- 清空应用缓存 -->
134    <uses-permission android:name="android.permission.CLEAR_APP_CACHE" />
134-->[Bcore-release.aar] AndroidManifest.xml:178:5-180:47
134-->[Bcore-release.aar] AndroidManifest.xml:179:9-58
135    <uses-permission android:name="android.permission.GET_PACKAGE_SIZE" /> <!-- 同步设置 -->
135-->[Bcore-release.aar] AndroidManifest.xml:181:5-75
135-->[Bcore-release.aar] AndroidManifest.xml:181:22-72
136    <uses-permission android:name="android.permission.WRITE_SYNC_SETTINGS" />
136-->[Bcore-release.aar] AndroidManifest.xml:183:5-78
136-->[Bcore-release.aar] AndroidManifest.xml:183:22-75
137    <uses-permission android:name="android.permission.READ_SYNC_SETTINGS" />
137-->[Bcore-release.aar] AndroidManifest.xml:184:5-77
137-->[Bcore-release.aar] AndroidManifest.xml:184:22-74
138    <uses-permission android:name="android.permission.READ_SYNC_STATS" /> <!-- rss -->
138-->[Bcore-release.aar] AndroidManifest.xml:185:5-74
138-->[Bcore-release.aar] AndroidManifest.xml:185:22-71
139    <uses-permission android:name="android.permission.SUBSCRIBED_FEEDS_READ" />
139-->[Bcore-release.aar] AndroidManifest.xml:187:5-80
139-->[Bcore-release.aar] AndroidManifest.xml:187:22-77
140    <uses-permission android:name="android.permission.SUBSCRIBED_FEEDS_WRITE" /> <!-- 日历 -->
140-->[Bcore-release.aar] AndroidManifest.xml:188:5-81
140-->[Bcore-release.aar] AndroidManifest.xml:188:22-78
141    <uses-permission android:name="android.permission.WRITE_CALENDAR" />
141-->[Bcore-release.aar] AndroidManifest.xml:190:5-73
141-->[Bcore-release.aar] AndroidManifest.xml:190:22-70
142    <uses-permission android:name="android.permission.READ_CALENDAR" /> <!-- 通讯录 -->
142-->[Bcore-release.aar] AndroidManifest.xml:191:5-72
142-->[Bcore-release.aar] AndroidManifest.xml:191:22-69
143    <uses-permission android:name="android.permission.READ_CONTACTS" />
143-->[Bcore-release.aar] AndroidManifest.xml:193:5-72
143-->[Bcore-release.aar] AndroidManifest.xml:193:22-69
144    <uses-permission android:name="android.permission.WRITE_CONTACTS" /> <!-- 系统日志 -->
144-->[Bcore-release.aar] AndroidManifest.xml:194:5-73
144-->[Bcore-release.aar] AndroidManifest.xml:194:22-70
145    <uses-permission android:name="android.permission.READ_LOGS" /> <!-- 重启应用 -->
145-->[Bcore-release.aar] AndroidManifest.xml:196:5-198:47
145-->[Bcore-release.aar] AndroidManifest.xml:197:9-52
146    <uses-permission android:name="android.permission.RESTART_PACKAGES" /> <!-- 时间/时区 -->
146-->[Bcore-release.aar] AndroidManifest.xml:200:5-75
146-->[Bcore-release.aar] AndroidManifest.xml:200:22-72
147    <uses-permission android:name="android.permission.SET_TIME" />
147-->[Bcore-release.aar] AndroidManifest.xml:202:5-204:47
147-->[Bcore-release.aar] AndroidManifest.xml:203:9-51
148    <uses-permission android:name="android.permission.SET_TIME_ZONE" /> <!-- 墙纸 -->
148-->[Bcore-release.aar] AndroidManifest.xml:205:5-207:47
148-->[Bcore-release.aar] AndroidManifest.xml:206:9-56
149    <uses-permission android:name="android.permission.SET_WALLPAPER" />
149-->[Bcore-release.aar] AndroidManifest.xml:209:5-72
149-->[Bcore-release.aar] AndroidManifest.xml:209:22-69
150    <uses-permission android:name="android.permission.SET_WALLPAPER_HINTS" /> <!-- 红外线 -->
150-->[Bcore-release.aar] AndroidManifest.xml:210:5-78
150-->[Bcore-release.aar] AndroidManifest.xml:210:22-75
151    <uses-permission android:name="android.permission.TRANSMIT_IR" /> <!-- SIP服务 -->
151-->[Bcore-release.aar] AndroidManifest.xml:212:5-70
151-->[Bcore-release.aar] AndroidManifest.xml:212:22-67
152    <uses-permission android:name="android.permission.USE_SIP" /> <!-- 唤醒屏幕 -->
152-->[Bcore-release.aar] AndroidManifest.xml:215:5-66
152-->[Bcore-release.aar] AndroidManifest.xml:215:22-63
153    <uses-permission android:name="android.permission.WAKE_LOCK" /> <!-- float window -->
153-->[Bcore-release.aar] AndroidManifest.xml:217:5-68
153-->[Bcore-release.aar] AndroidManifest.xml:217:22-65
154    <uses-permission android:name="android.permission.SYSTEM_ALERT_WINDOW" />
154-->[Bcore-release.aar] AndroidManifest.xml:219:5-78
154-->[Bcore-release.aar] AndroidManifest.xml:219:22-75
155    <uses-permission android:name="android.permission.SYSTEM_OVERLAY_WINDOW" /> <!-- boot -->
155-->[Bcore-release.aar] AndroidManifest.xml:220:5-80
155-->[Bcore-release.aar] AndroidManifest.xml:220:22-77
156    <uses-permission android:name="android.permission.RECEIVE_BOOT_COMPLETED" /> <!-- system app start -->
156-->[Bcore-release.aar] AndroidManifest.xml:222:5-81
156-->[Bcore-release.aar] AndroidManifest.xml:222:22-78
157    <uses-permission android:name="android.permission.GET_INTENT_SENDER_INTENT" />
157-->[Bcore-release.aar] AndroidManifest.xml:225:5-227:47
157-->[Bcore-release.aar] AndroidManifest.xml:226:9-67
158    <uses-permission android:name="android.permission.BIND_DIRECTORY_SEARCH" />
158-->[Bcore-release.aar] AndroidManifest.xml:228:5-230:47
158-->[Bcore-release.aar] AndroidManifest.xml:229:9-64
159    <uses-permission android:name="android.permission.UPDATE_APP_OPS_STATS" />
159-->[Bcore-release.aar] AndroidManifest.xml:231:5-233:47
159-->[Bcore-release.aar] AndroidManifest.xml:232:9-63
160    <uses-permission android:name="android.permission.INSTALL_PACKAGES" />
160-->[Bcore-release.aar] AndroidManifest.xml:234:5-236:47
160-->[Bcore-release.aar] AndroidManifest.xml:235:9-59
161    <uses-permission android:name="android.permission.DELETE_PACKAGES" />
161-->[Bcore-release.aar] AndroidManifest.xml:237:5-239:47
161-->[Bcore-release.aar] AndroidManifest.xml:238:9-58
162    <uses-permission android:name="android.permission.CLEAR_APP_USER_DATA" />
162-->[Bcore-release.aar] AndroidManifest.xml:240:5-242:47
162-->[Bcore-release.aar] AndroidManifest.xml:241:9-62
163    <uses-permission android:name="android.permission.WRITE_MEDIA_STORAGE" />
163-->[Bcore-release.aar] AndroidManifest.xml:243:5-245:47
163-->[Bcore-release.aar] AndroidManifest.xml:244:9-62
164    <uses-permission android:name="android.permission.ACCESS_CACHE_FILESYSTEM" />
164-->[Bcore-release.aar] AndroidManifest.xml:246:5-248:47
164-->[Bcore-release.aar] AndroidManifest.xml:247:9-66
165    <uses-permission android:name="android.permission.DEVICE_POWER" /> <!-- <uses-permission -->
165-->[Bcore-release.aar] AndroidManifest.xml:249:5-251:47
165-->[Bcore-release.aar] AndroidManifest.xml:250:9-55
166    <!-- android:name="android.permission.WRITE_APN_SETTINGS" -->
167    <!-- tools:ignore="ProtectedPermissions" /> -->
168    <!-- xdja -->
169    <uses-permission android:name="android.permission.INTERACT_ACROSS_USERS" />
169-->[Bcore-release.aar] AndroidManifest.xml:258:5-80
169-->[Bcore-release.aar] AndroidManifest.xml:258:22-77
170    <uses-permission android:name="android.permission.INTERACT_ACROSS_USERS_FULL" /> <!-- xdja -->
170-->[Bcore-release.aar] AndroidManifest.xml:259:5-85
170-->[Bcore-release.aar] AndroidManifest.xml:259:22-82
171    <uses-permission android:name="android.permission.BIND_APPWIDGET" />
171-->[Bcore-release.aar] AndroidManifest.xml:262:5-264:47
171-->[Bcore-release.aar] AndroidManifest.xml:263:9-57
172    <uses-permission android:name="android.permission.ACCOUNT_MANAGER" />
172-->[Bcore-release.aar] AndroidManifest.xml:265:5-267:47
172-->[Bcore-release.aar] AndroidManifest.xml:266:9-58